<?xml version="1.0" encoding="utf-8"?><testsuites><testsuite name="pytest" errors="0" failures="0" skipped="0" tests="1" time="0.055" timestamp="2022-02-03T19:30:44.432826" hostname="DESKTOP-L3A5VC4"><testcase classname="test_pii_data.DataTestCases" name="test_read_data" file="test_pii_data.py" line="5" time="0.001"><system-out>--------------------------------- Captured Log ---------------------------------

--------------------------------- Captured Out ---------------------------------

</system-out><system-err>--------------------------------- Captured Err ---------------------------------

</system-err></testcase></testsuite></testsuites>